This file contains any messages produced by compilers while
running configure, to aid debugging if configure makes a mistake.

It was created by ejabberd configure 17.04, which was
generated by GNU Autoconf 2.69.  Invocation command line was

  $ ./configure 

## --------- ##
## Platform. ##
## --------- ##

hostname = bogon
uname -m = x86_64
uname -r = 2.6.32-431.el6.x86_64
uname -s = Linux
uname -v = #1 SMP Fri Nov 22 03:15:09 UTC 2013

/usr/bin/uname -p = unknown
/bin/uname -X     = unknown

/bin/arch              = x86_64
/usr/bin/arch -k       = unknown
/usr/convex/getsysinfo = unknown
/usr/bin/hostinfo      = unknown
/bin/machine           = unknown
/usr/bin/oslevel       = unknown
/bin/universe          = unknown

PATH: /usr/lib64/qt-3.3/bin
PATH: /usr/local/sbin
PATH: /usr/local/bin
PATH: /sbin
PATH: /bin
PATH: /usr/sbin
PATH: /usr/bin
PATH: /usr/local/lib/erlang/otp-17.1/bin
PATH: /root/bin


## ----------- ##
## Core tests. ##
## ----------- ##

configure:1887: checking whether make sets $(MAKE)
configure:1909: result: yes
configure:1961: checking for a BSD-compatible install
configure:2029: result: /usr/bin/install -c
configure:2040: checking for a sed that does not truncate output
configure:2104: result: /bin/sed
configure:2173: checking for erl
configure:2191: found /usr/local/lib/erlang/otp-17.1/bin/erl
configure:2203: result: /usr/local/lib/erlang/otp-17.1/bin/erl
configure:2271: checking for erlc
configure:2289: found /usr/local/lib/erlang/otp-17.1/bin/erlc
configure:2301: result: /usr/local/lib/erlang/otp-17.1/bin/erlc
configure:2369: checking for epmd
configure:2387: found /usr/local/lib/erlang/otp-17.1/bin/epmd
configure:2399: result: /usr/local/lib/erlang/otp-17.1/bin/epmd
configure:2423: checking for erl
configure:2425: result: /usr/local/lib/erlang/otp-17.1/bin/erl
configure:2532: checking for erlc
configure:2534: result: /usr/local/lib/erlang/otp-17.1/bin/erlc
configure:2649: checking Erlang/OTP version
configure:2729: result: ok
configure:2824: checking for Erlang/OTP root directory
configure:2850: $ERLC $ERLCFLAGS -b beam conftest.$ac_ext >&5 && echo "#!/bin/sh" > conftest$ac_exeext && $as_echo "\"$ERL\" -run conftest start -run init stop -noshell" >> conftest$ac_exeext && chmod +x conftest$ac_exeext
configure:2850: $? = 0
configure:2850: ./conftest
configure:2850: $? = 0
configure:2871: result: /usr/local/lib/erlang/otp-17.1/lib/erlang
configure:2881: checking for escript
configure:2899: found /usr/local/lib/erlang/otp-17.1/lib/erlang/bin/escript
configure:2911: result: /usr/local/lib/erlang/otp-17.1/lib/erlang/bin/escript
configure:2923: checking for make
configure:2939: found /usr/bin/make
configure:2950: result: make
configure:3203: checking whether Erlang is using deprecated types
configure:3212: result: no
configure:4334: creating ./config.status

## ---------------------- ##
## Running config.status. ##
## ---------------------- ##

This file was extended by ejabberd config.status 17.04, which was
generated by GNU Autoconf 2.69.  Invocation command line was

  CONFIG_FILES    = 
  CONFIG_HEADERS  = 
  CONFIG_LINKS    = 
  CONFIG_COMMANDS = 
  $ ./config.status 

on bogon

config.status:756: creating Makefile
config.status:756: creating vars.config
config.status:756: creating src/ejabberd.app.src

## ---------------- ##
## Cache variables. ##
## ---------------- ##

ac_cv_env_CC_set=
ac_cv_env_CC_value=
ac_cv_env_CFLAGS_set=
ac_cv_env_CFLAGS_value=
ac_cv_env_CPPFLAGS_set=
ac_cv_env_CPPFLAGS_value=
ac_cv_env_ERLCFLAGS_set=
ac_cv_env_ERLCFLAGS_value=
ac_cv_env_ERLC_set=
ac_cv_env_ERLC_value=
ac_cv_env_ERL_set=
ac_cv_env_ERL_value=
ac_cv_env_LDFLAGS_set=
ac_cv_env_LDFLAGS_value=
ac_cv_env_LIBS_set=
ac_cv_env_LIBS_value=
ac_cv_env_build_alias_set=
ac_cv_env_build_alias_value=
ac_cv_env_host_alias_set=
ac_cv_env_host_alias_value=
ac_cv_env_target_alias_set=
ac_cv_env_target_alias_value=
ac_cv_erlang_root_dir=/usr/local/lib/erlang/otp-17.1/lib/erlang
ac_cv_path_ESCRIPT=/usr/local/lib/erlang/otp-17.1/lib/erlang/bin/escript
ac_cv_path_SED=/bin/sed
ac_cv_path_ac_pt_EPMD=/usr/local/lib/erlang/otp-17.1/bin/epmd
ac_cv_path_ac_pt_ERL=/usr/local/lib/erlang/otp-17.1/bin/erl
ac_cv_path_ac_pt_ERLC=/usr/local/lib/erlang/otp-17.1/bin/erlc
ac_cv_path_install='/usr/bin/install -c'
ac_cv_prog_MAKE=make
ac_cv_prog_make_make_set=yes

## ----------------- ##
## Output variables. ##
## ----------------- ##

CC=''
CFLAGS=''
CPPFLAGS=''
DEFS='-DPACKAGE_NAME=\"ejabberd\" -DPACKAGE_TARNAME=\"ejabberd\" -DPACKAGE_VERSION=\"17.04\" -DPACKAGE_STRING=\"ejabberd\ 17.04\" -DPACKAGE_BUGREPORT=\"ejabberd@process-one.net\" -DPACKAGE_URL=\"\"'
ECHO_C=''
ECHO_N='-n'
ECHO_T=''
EPMD='/usr/local/lib/erlang/otp-17.1/bin/epmd'
ERL='/usr/local/lib/erlang/otp-17.1/bin/erl'
ERLANG_ROOT_DIR='/usr/local/lib/erlang/otp-17.1/lib/erlang'
ERLC='/usr/local/lib/erlang/otp-17.1/bin/erlc'
ERLCFLAGS=''
ESCRIPT='/usr/local/lib/erlang/otp-17.1/lib/erlang/bin/escript'
EXEEXT=''
INSTALLUSER=''
INSTALL_DATA='${INSTALL} -m 644'
INSTALL_PROGRAM='${INSTALL}'
INSTALL_SCRIPT='${INSTALL}'
LDFLAGS=''
LIBOBJS=''
LIBS=''
LTLIBOBJS=''
MAKE='make'
OBJEXT=''
PACKAGE_BUGREPORT='ejabberd@process-one.net'
PACKAGE_NAME='ejabberd'
PACKAGE_STRING='ejabberd 17.04'
PACKAGE_TARNAME='ejabberd'
PACKAGE_URL=''
PACKAGE_VERSION='17.04'
PATH_SEPARATOR=':'
SED='/bin/sed'
SET_MAKE=''
SHELL='/bin/sh'
SQLITE3_CFLAGS=''
SQLITE3_LDFLAGS=''
SQLITE3_VERSION=''
ac_ct_CC=''
bindir='${exec_prefix}/bin'
build_alias=''
datadir='${datarootdir}'
datarootdir='${prefix}/share'
db_type='generic'
debug='true'
docdir='${datarootdir}/doc/${PACKAGE_TARNAME}'
dvidir='${docdir}'
elixir='false'
erlang_deprecated_types='false'
exec_prefix='${prefix}'
full_xml='false'
hipe='false'
host_alias=''
htmldir='${docdir}'
iconv='true'
includedir='${prefix}/include'
infodir='${datarootdir}/info'
latest_deps='false'
libdir='${exec_prefix}/lib'
libexecdir='${exec_prefix}/libexec'
localedir='${datarootdir}/locale'
localstatedir='${prefix}/var'
mandir='${datarootdir}/man'
mysql='false'
odbc='false'
oldincludedir='/usr/include'
pam='false'
pdfdir='${docdir}'
pgsql='false'
prefix='/usr/local'
program_transform_name='s,x,x,'
psdir='${docdir}'
redis='false'
riak='false'
roster_gateway_workaround='false'
sbindir='${exec_prefix}/sbin'
sharedstatedir='${prefix}/com'
sqlite='false'
sysconfdir='${prefix}/etc'
target_alias=''
tools='false'
zlib='true'

## ----------- ##
## confdefs.h. ##
## ----------- ##

/* confdefs.h */
#define PACKAGE_NAME "ejabberd"
#define PACKAGE_TARNAME "ejabberd"
#define PACKAGE_VERSION "17.04"
#define PACKAGE_STRING "ejabberd 17.04"
#define PACKAGE_BUGREPORT "ejabberd@process-one.net"
#define PACKAGE_URL ""

configure: exit 0
